<?xml version="1.0" encoding="UTF-8"?>
<!-- Generated by org.testng.reporters.JUnitReportReporter -->
<testsuite skipped="0" hostname="Dhruba" name="com.E2EProject.ValidateNavigationBar" tests="1" failures="0" timestamp="22 Jan 2019 18:46:33 GMT" time="0.098" errors="0">
  <testcase name="validateNavigationBar" time="0.098" classname="com.E2EProject.ValidateNavigationBar"/>
</testsuite> <!-- com.E2EProject.ValidateNavigationBar -->
