<?xml version="1.0" encoding="UTF-8"?>
<!-- Generated by org.testng.reporters.JUnitReportReporter -->
<testsuite skipped="0" hostname="Dhruba" name="com.E2EProject.ContactPageTest" tests="2" failures="0" timestamp="26 Jan 2019 16:52:53 GMT" time="15.259" errors="0">
  <testcase name="createContact" time="12.851" classname="com.E2EProject.ContactPageTest"/>
  <testcase name="validateContact" time="2.408" classname="com.E2EProject.ContactPageTest"/>
</testsuite> <!-- com.E2EProject.ContactPageTest -->
