<?xml version="1.0" encoding="UTF-8"?>
<!-- Generated by org.testng.reporters.JUnitReportReporter -->
<testsuite skipped="0" hostname="Dhruba" name="com.E2EProject.ValidateNavigationBar" tests="1" failures="0" timestamp="26 Jan 2019 16:52:53 GMT" time="0.122" errors="0">
  <testcase name="validateNavigationBar" time="0.122" classname="com.E2EProject.ValidateNavigationBar"/>
</testsuite> <!-- com.E2EProject.ValidateNavigationBar -->
