<?xml version="1.0" encoding="UTF-8"?>
<!-- Generated by org.testng.reporters.JUnitReportReporter -->
<testsuite skipped="0" hostname="Dhruba" name="com.E2EProject.ValidateBar" tests="1" failures="0" timestamp="22 Jan 2019 15:42:36 GMT" time="0.077" errors="0">
  <testcase name="basepageNavigation" time="0.077" classname="com.E2EProject.ValidateBar"/>
</testsuite> <!-- com.E2EProject.ValidateBar -->
