<?xml version="1.0" encoding="UTF-8"?>
<!-- Generated by org.testng.reporters.JUnitReportReporter -->
<testsuite skipped="0" hostname="Dhruba" name="com.E2EProject.RegistrationPageTest" tests="2" failures="0" timestamp="23 Jan 2019 17:48:49 GMT" time="15.587" errors="0">
  <testcase name="validateSignUpButtonDisplayed" time="3.576" classname="com.E2EProject.RegistrationPageTest"/>
  <testcase name="getRegister" time="12.011" classname="com.E2EProject.RegistrationPageTest"/>
</testsuite> <!-- com.E2EProject.RegistrationPageTest -->
