<?xml version="1.0" encoding="UTF-8"?>
<!-- Generated by org.testng.reporters.JUnitReportReporter -->
<testsuite skipped="0" hostname="Dhruba" name="com.E2EProject.ValidateTitle" tests="1" failures="0" timestamp="23 Jan 2019 00:47:18 GMT" time="0.111" errors="0">
  <testcase name="validateAppTitle" time="0.111" classname="com.E2EProject.ValidateTitle"/>
</testsuite> <!-- com.E2EProject.ValidateTitle -->
