<?xml version="1.0" encoding="UTF-8"?>
<!-- Generated by org.testng.reporters.JUnitReportReporter -->
<testsuite skipped="0" hostname="Dhruba" name="saucelabexample.SauceLabsExample" tests="5" failures="0" timestamp="27 Jan 2019 04:21:10 GMT" time="46.853" errors="0">
  <testcase name="loginPage" time="18.974" classname="saucelabexample.SauceLabsExample"/>
  <testcase name="fblogin" time="3.577" classname="saucelabexample.SauceLabsExample"/>
  <testcase name="validateCreatePagelogo" time="4.786" classname="saucelabexample.SauceLabsExample"/>
  <testcase name="fbRegistration" time="11.264" classname="saucelabexample.SauceLabsExample"/>
  <testcase name="checkfbJoinlink" time="8.252" classname="saucelabexample.SauceLabsExample"/>
</testsuite> <!-- saucelabexample.SauceLabsExample -->
