<?xml version="1.0" encoding="UTF-8"?>
<!-- Generated by org.testng.reporters.JUnitReportReporter -->
<testsuite skipped="0" hostname="Dhruba" name="fbtestcases.CreatePageTest" tests="2" failures="0" timestamp="23 Jan 2019 17:48:49 GMT" time="8.030" errors="0">
  <testcase name="validateCreatePagelogo" time="3.537" classname="fbtestcases.CreatePageTest"/>
  <testcase name="checkfbJoinlink" time="4.493" classname="fbtestcases.CreatePageTest"/>
</testsuite> <!-- fbtestcases.CreatePageTest -->
