<?xml version="1.0" encoding="UTF-8"?>
<!-- Generated by org.testng.reporters.JUnitReportReporter -->
<testsuite skipped="0" hostname="Dhruba" name="com.E2EProject.HomePageTest" tests="2" failures="0" timestamp="22 Jan 2019 18:46:33 GMT" time="18.417" errors="0">
  <testcase name="validateHomePage" time="5.715" classname="com.E2EProject.HomePageTest"/>
  <testcase name="validateHomePage" time="12.702" classname="com.E2EProject.HomePageTest"/>
</testsuite> <!-- com.E2EProject.HomePageTest -->
