<?xml version="1.0" encoding="UTF-8"?>
<!-- Generated by org.testng.reporters.JUnitReportReporter -->
<testsuite skipped="0" hostname="Dhruba" name="com.E2EProject.ValidateNavigationBar" tests="1" failures="0" timestamp="23 Jan 2019 00:47:18 GMT" time="0.088" errors="0">
  <testcase name="validateNavigationBar" time="0.088" classname="com.E2EProject.ValidateNavigationBar"/>
</testsuite> <!-- com.E2EProject.ValidateNavigationBar -->
