<?xml version="1.0" encoding="UTF-8"?>
<!-- Generated by org.testng.reporters.JUnitReportReporter -->
<testsuite skipped="0" hostname="Dhruba" name="com.E2EProject.HomePageTest" tests="8" failures="0" timestamp="26 Jan 2019 16:52:53 GMT" time="50.714" errors="0">
  <testcase name="youtubeLogoDisplayed" time="6.549" classname="com.E2EProject.HomePageTest"/>
  <testcase name="allCourseButtonDisplayed" time="2.418" classname="com.E2EProject.HomePageTest"/>
  <testcase name="validateHomePage" time="5.248" classname="com.E2EProject.HomePageTest"/>
  <testcase name="ValidateQAClickLogo" time="8.063" classname="com.E2EProject.HomePageTest"/>
  <testcase name="validateHomePage" time="10.584" classname="com.E2EProject.HomePageTest"/>
  <testcase name="validateHomePage" time="5.448" classname="com.E2EProject.HomePageTest"/>
  <testcase name="validateHomePage" time="6.399" classname="com.E2EProject.HomePageTest"/>
  <testcase name="fbLogoDisplayed" time="6.005" classname="com.E2EProject.HomePageTest"/>
</testsuite> <!-- com.E2EProject.HomePageTest -->
