<?xml version="1.0" encoding="UTF-8"?>
<!-- Generated by org.testng.reporters.JUnitReportReporter -->
<testsuite skipped="0" hostname="Dhruba" name="com.E2EProject.RegistrationPageTest" tests="2" failures="0" timestamp="26 Jan 2019 16:52:53 GMT" time="22.210" errors="0">
  <testcase name="validateSignUpButtonDisplayed" time="7.673" classname="com.E2EProject.RegistrationPageTest"/>
  <testcase name="getRegister" time="14.537" classname="com.E2EProject.RegistrationPageTest"/>
</testsuite> <!-- com.E2EProject.RegistrationPageTest -->
