<?xml version="1.0" encoding="UTF-8"?>
<!-- Generated by org.testng.reporters.JUnitReportReporter -->
<testsuite skipped="0" hostname="Dhruba" name="com.E2EProject.ContactPageTest" tests="2" failures="0" timestamp="23 Jan 2019 03:24:24 GMT" time="16.075" errors="0">
  <testcase name="createContact" time="9.468" classname="com.E2EProject.ContactPageTest"/>
  <testcase name="validateContact" time="6.607" classname="com.E2EProject.ContactPageTest"/>
</testsuite> <!-- com.E2EProject.ContactPageTest -->
