<?xml version="1.0" encoding="UTF-8"?>
<!-- Generated by org.testng.reporters.JUnitReportReporter -->
<testsuite skipped="0" hostname="Dhruba" name="fbtestcases.FbLandingPageTest" tests="2" failures="0" timestamp="23 Jan 2019 17:48:49 GMT" time="6.805" errors="0">
  <testcase name="loginPage" time="4.824" classname="fbtestcases.FbLandingPageTest"/>
  <testcase name="validateFBLogo" time="1.981" classname="fbtestcases.FbLandingPageTest"/>
</testsuite> <!-- fbtestcases.FbLandingPageTest -->
