<?xml version="1.0" encoding="UTF-8"?>
<!-- Generated by org.testng.reporters.JUnitReportReporter -->
<testsuite skipped="0" hostname="Dhruba" name="com.E2EProject.HomePageTest" tests="8" failures="0" timestamp="23 Jan 2019 00:47:18 GMT" time="37.949" errors="0">
  <testcase name="validateHomePage" time="5.971" classname="com.E2EProject.HomePageTest"/>
  <testcase name="fbLogoDisplayed" time="2.394" classname="com.E2EProject.HomePageTest"/>
  <testcase name="validateHomePage" time="7.221" classname="com.E2EProject.HomePageTest"/>
  <testcase name="allCourseButtonDisplayed" time="2.366" classname="com.E2EProject.HomePageTest"/>
  <testcase name="validateHomePage" time="5.182" classname="com.E2EProject.HomePageTest"/>
  <testcase name="youtubeLogoDisplayed" time="2.551" classname="com.E2EProject.HomePageTest"/>
  <testcase name="ValidateQAClickLogo" time="7.045" classname="com.E2EProject.HomePageTest"/>
  <testcase name="validateHomePage" time="5.219" classname="com.E2EProject.HomePageTest"/>
</testsuite> <!-- com.E2EProject.HomePageTest -->
