<?xml version="1.0" encoding="UTF-8"?>
<!-- Generated by org.testng.reporters.JUnitReportReporter -->
<testsuite skipped="0" hostname="Dhruba" name="com.E2EProject.RegistrationPageTest" tests="2" failures="0" timestamp="23 Jan 2019 00:47:18 GMT" time="17.001" errors="0">
  <testcase name="getRegister" time="12.687" classname="com.E2EProject.RegistrationPageTest"/>
  <testcase name="validateSignUpButtonDisplayed" time="4.314" classname="com.E2EProject.RegistrationPageTest"/>
</testsuite> <!-- com.E2EProject.RegistrationPageTest -->
