<?xml version="1.0" encoding="UTF-8"?>
<!-- Generated by org.testng.reporters.JUnitReportReporter -->
<testsuite skipped="0" hostname="Dhruba" name="dbtestpackage.DBConnectionSalesForceLoginTest" tests="4" failures="0" timestamp="26 Jan 2019 16:52:53 GMT" time="7.626" errors="0">
  <testcase name="salesForceLogin" time="2.850" classname="dbtestpackage.DBConnectionSalesForceLoginTest"/>
  <testcase name="checklogoisDisplayed" time="1.480" classname="dbtestpackage.DBConnectionSalesForceLoginTest"/>
  <testcase name="checklogoisEnabled" time="0.952" classname="dbtestpackage.DBConnectionSalesForceLoginTest"/>
  <testcase name="checkboxisSelected" time="2.344" classname="dbtestpackage.DBConnectionSalesForceLoginTest"/>
</testsuite> <!-- dbtestpackage.DBConnectionSalesForceLoginTest -->
