<?xml version="1.0" encoding="UTF-8"?>
<!-- Generated by org.testng.reporters.JUnitReportReporter -->
<testsuite skipped="0" hostname="Dhruba" name="dbtestpackage.DBConnection" tests="1" failures="0" timestamp="24 Jan 2019 21:08:17 GMT" time="0.978" errors="0">
  <testcase name="getDBConnection" time="0.978" classname="dbtestpackage.DBConnection"/>
</testsuite> <!-- dbtestpackage.DBConnection -->
