<?xml version="1.0" encoding="UTF-8"?>
<!-- Generated by org.testng.reporters.JUnitReportReporter -->
<testsuite skipped="0" hostname="Dhruba" name="com.E2EProject.ContactPageTest" tests="2" failures="0" timestamp="23 Jan 2019 17:48:49 GMT" time="16.722" errors="0">
  <testcase name="createContact" time="14.331" classname="com.E2EProject.ContactPageTest"/>
  <testcase name="validateContact" time="2.391" classname="com.E2EProject.ContactPageTest"/>
</testsuite> <!-- com.E2EProject.ContactPageTest -->
