<?xml version="1.0" encoding="UTF-8"?>
<!-- Generated by org.testng.reporters.JUnitReportReporter -->
<testsuite skipped="0" hostname="Dhruba" name="com.E2EProject.HomePageTest" tests="8" failures="0" timestamp="23 Jan 2019 17:48:49 GMT" time="49.192" errors="0">
  <testcase name="allCourseButtonDisplayed" time="4.777" classname="com.E2EProject.HomePageTest"/>
  <testcase name="validateHomePage" time="9.594" classname="com.E2EProject.HomePageTest"/>
  <testcase name="validateHomePage" time="6.514" classname="com.E2EProject.HomePageTest"/>
  <testcase name="fbLogoDisplayed" time="5.051" classname="com.E2EProject.HomePageTest"/>
  <testcase name="validateHomePage" time="4.612" classname="com.E2EProject.HomePageTest"/>
  <testcase name="youtubeLogoDisplayed" time="5.316" classname="com.E2EProject.HomePageTest"/>
  <testcase name="ValidateQAClickLogo" time="6.020" classname="com.E2EProject.HomePageTest"/>
  <testcase name="validateHomePage" time="7.308" classname="com.E2EProject.HomePageTest"/>
</testsuite> <!-- com.E2EProject.HomePageTest -->
