<?xml version="1.0" encoding="UTF-8"?>
<!-- Generated by org.testng.reporters.JUnitReportReporter -->
<testsuite skipped="0" hostname="Dhruba" name="dbtestpackage.DBConnectionSalesForceLoginTest" tests="4" failures="0" timestamp="24 Jan 2019 22:42:08 GMT" time="5.909" errors="0">
  <testcase name="salesForceLogin" time="2.060" classname="dbtestpackage.DBConnectionSalesForceLoginTest"/>
  <testcase name="checklogoisDisplayed" time="1.374" classname="dbtestpackage.DBConnectionSalesForceLoginTest"/>
  <testcase name="checkboxisSelected" time="1.844" classname="dbtestpackage.DBConnectionSalesForceLoginTest"/>
  <testcase name="checklogoisEnabled" time="0.631" classname="dbtestpackage.DBConnectionSalesForceLoginTest"/>
</testsuite> <!-- dbtestpackage.DBConnectionSalesForceLoginTest -->
